<?xml version="1.0" encoding="UTF-8" standalone="no"?>
<testsuite errors="0" failures="0" name="io.cucumber.core.plugin.JUnitFormatter" skipped="0" tests="5" time="24.092">
    <testcase classname="Login funtionality" name="Successful log in and verify success message displays" time="6.525">
        <system-out><![CDATA[Given user is on login page.................................................passed
When user enters username and password......................................passed
And clicks on login button..................................................passed
Then success message displays...............................................passed
]]></system-out>
    </testcase>
    <testcase classname="Login funtionality with incorrect password" name="Attempt to log in with an incorrect password and" time="5.181">
        <system-out><![CDATA[Given user2 is on login page................................................passed
When user2 enters username and password.....................................passed
And user2 clicks on login button............................................passed
Then invalid password message displays......................................passed
]]></system-out>
    </testcase>
    <testcase classname="Select row at Large &amp; Deep DOM page" name="Select a row" time="4.422">
        <system-out><![CDATA[Given user is at Large & Deep DOM page......................................passed
When user select row "Siblings".............................................passed
Then row "Siblings" is selected.............................................passed
]]></system-out>
    </testcase>
    <testcase classname="Select row at Large &amp; Deep DOM page" name="Select a row 2" time="3.354">
        <system-out><![CDATA[Given user is at Large & Deep DOM page......................................passed
When user select row "1.3"..................................................passed
Then row "1.3" is selected..................................................passed
]]></system-out>
    </testcase>
    <testcase classname="Select row at Large &amp; Deep DOM page" name="Select a row 3" time="4.263">
        <system-out><![CDATA[Given user is at Large & Deep DOM page......................................passed
When user select row "13.2".................................................passed
Then row "13.2" is selected.................................................passed
]]></system-out>
    </testcase>
</testsuite>
